Key file param_IDP.key was successfully parsed.

<======       System Settings       ======>
Number of Components = 10
Number of Beads      = 31600
Number of Chains     = 200
Box Size             = 1000, 1000, 1000
Monomer density      = 3.2e-05

<======       Energy Matrices       ======>
----------------------------------------------------------------------------------------
|E_ovlp	0	1	2	3	4	5	6	7	8	9      |
|0	0.00	0.00	0.00	0.00	0.00	0.00	0.00	0.00	0.00	0.00   |
|1	0.00	0.00	0.00	0.00	0.00	0.00	0.00	0.00	0.00	0.00   |
|2	0.00	0.00	0.00	0.00	0.00	0.00	0.00	0.00	0.00	0.00   |
|3	0.00	0.00	0.00	0.00	0.00	0.00	0.00	0.00	0.00	0.00   |
|4	0.00	0.00	0.00	0.00	0.00	0.00	0.00	0.00	0.00	0.00   |
|5	0.00	0.00	0.00	0.00	0.00	0.00	0.00	0.00	0.00	0.00   |
|6	0.00	0.00	0.00	0.00	0.00	0.00	0.00	0.00	0.00	0.00   |
|7	0.00	0.00	0.00	0.00	0.00	0.00	0.00	0.00	0.00	0.00   |
|8	0.00	0.00	0.00	0.00	0.00	0.00	0.00	0.00	0.00	0.00   |
|9	0.00	0.00	0.00	0.00	0.00	0.00	0.00	0.00	0.00	0.00   |
----------------------------------------------------------------------------------------
----------------------------------------------------------------------------------------
|E_cont	0	1	2	3	4	5	6	7	8	9      |
|0	0.00	0.00	0.00	0.00	0.00	0.00	0.00	0.00	0.00	0.00   |
|1	0.00	0.00	0.00	0.00	0.00	0.00	0.00	0.00	0.00	0.00   |
|2	0.00	0.00	0.00	0.00	0.00	0.00	0.00	0.00	0.00	0.00   |
|3	0.00	0.00	0.00	0.00	0.00	0.00	0.00	0.00	0.00	0.00   |
|4	0.00	0.00	0.00	0.00	0.00	0.00	0.00	0.00	0.00	0.00   |
|5	0.00	0.00	0.00	0.00	0.00	0.00	0.00	0.00	0.00	0.00   |
|6	0.00	0.00	0.00	0.00	0.00	0.00	0.00	0.00	0.00	0.00   |
|7	0.00	0.00	0.00	0.00	0.00	0.00	0.00	0.00	0.00	0.00   |
|8	0.00	0.00	0.00	0.00	0.00	0.00	0.00	0.00	0.00	0.00   |
|9	0.00	0.00	0.00	0.00	0.00	0.00	0.00	0.00	0.00	0.00   |
----------------------------------------------------------------------------------------
----------------------------------------------------------------------------------------
|R_cont	0	1	2	3	4	5	6	7	8	9      |
|0	0.00	0.00	0.00	0.00	0.00	0.00	0.00	0.00	0.00	0.00   |
|1	0.00	0.00	0.00	0.00	0.00	0.00	0.00	0.00	0.00	0.00   |
|2	0.00	0.00	0.00	0.00	0.00	0.00	0.00	0.00	0.00	0.00   |
|3	0.00	0.00	0.00	0.00	0.00	0.00	0.00	0.00	0.00	0.00   |
|4	0.00	0.00	0.00	0.00	0.00	0.00	0.00	0.00	0.00	0.00   |
|5	0.00	0.00	0.00	0.00	0.00	0.00	0.00	0.00	0.00	0.00   |
|6	0.00	0.00	0.00	0.00	0.00	0.00	0.00	0.00	0.00	0.00   |
|7	0.00	0.00	0.00	0.00	0.00	0.00	0.00	0.00	0.00	0.00   |
|8	0.00	0.00	0.00	0.00	0.00	0.00	0.00	0.00	0.00	0.00   |
|9	0.00	0.00	0.00	0.00	0.00	0.00	0.00	0.00	0.00	0.00   |
----------------------------------------------------------------------------------------
----------------------------------------------------------------------------------------
|SC_SC	0	1	2	3	4	5	6	7	8	9      |
|0	0.00	-2.00	0.00	0.00	0.00	0.00	0.00	0.00	0.00	0.00   |
|1	-2.00	0.00	0.00	0.00	0.00	0.00	0.00	0.00	0.00	0.00   |
|2	0.00	0.00	0.00	0.00	0.00	0.00	0.00	0.00	0.00	0.00   |
|3	0.00	0.00	0.00	0.00	0.00	0.00	0.00	0.00	0.00	0.00   |
|4	0.00	0.00	0.00	0.00	0.00	0.00	0.00	0.00	0.00	0.00   |
|5	0.00	0.00	0.00	0.00	0.00	0.00	0.00	0.00	0.00	0.00   |
|6	0.00	0.00	0.00	0.00	0.00	0.00	0.00	0.00	0.00	0.00   |
|7	0.00	0.00	0.00	0.00	0.00	0.00	0.00	0.00	0.00	0.00   |
|8	0.00	0.00	0.00	0.00	0.00	0.00	0.00	0.00	0.00	0.00   |
|9	0.00	0.00	0.00	0.00	0.00	0.00	0.00	0.00	0.00	0.00   |
----------------------------------------------------------------------------------------

<======       Linker Info       ======>
Linker length             = 1.00
Linker spring constant    = 0.00
Linker equilibrium length = 1.00

<======       MC Setup       ======>
MC Temperatures: (First, Last) = (1.00, 1.40)
Temperature Mode               = 3
Indent Mode                    = 1
Rotational Bias Mode           = 0
Number of MC Cycles            = 5.000000e+00
Number of MC Steps/Cycle       = 2.000000e+08
Thermalizing Temperature       = 1000.00
Number of Thermalizing Steps   = 1.000000e+07
RNG Seed                       = 1667800524
MC Move Frequencies:
--------------------------
|Face Change       101
|Local             101
|Co-local          101
|Shake             51
|Slithering Snake  0
|Translation       20
|Smaller Cluster   10
|Larger Cluster    1
|Pivot             0
|Rotate Branched   20
|Double Pivot      0
--------------------------

<======       Initializing       ======>
Successfully allocated memory! Arrays initialized.
All setup has been completed!
Bad beads! 157	(21 363 146)		Topo:(156 158 -1)		Linkers:(1.00000	1.00000	-1.00000)
					-------------------->		575.802917	SHOULD BE	1.740000
Bad beads! 158	(441 81 421)		Topo:(159 -1 -1)		Linkers:(1.00000	-1.00000	-1.00000)

ERROR: wrong structure.
